{"/Users/markdavella/dev/teletracker/frontend/App/tester.ts": {"path":"/Users/markdavella/dev/teletracker/frontend/App/tester.ts","statementMap":{"0":{"start":{"line":2,"column":2},"end":{"line":2,"column":15}}},"fnMap":{"0":{"name":"sampleFunction","decl":{"start":{"line":1,"column":6},"end":{"line":1,"column":30}},"loc":{"start":{"line":1,"column":40},"end":{"line":3,"column":1}}}},"branchMap":{},"s":{"0":1},"f":{"0":1},"b":{}}
,"/Users/markdavella/dev/teletracker/frontend/App/Components/AlertMessage.story.js": {"path":"/Users/markdavella/dev/teletracker/frontend/App/Components/AlertMessage.story.js","statementMap":{"0":{"start":{"line":6,"column":0},"end":{"line":23,"column":4}},"1":{"start":{"line":8,"column":4},"end":{"line":10,"column":6}},"2":{"start":{"line":13,"column":4},"end":{"line":16,"column":6}},"3":{"start":{"line":19,"column":4},"end":{"line":22,"column":6}}},"fnMap":{"0":{"name":"(anonymous_0)","decl":{"start":{"line":7,"column":18},"end":{"line":7,"column":19}},"loc":{"start":{"line":8,"column":4},"end":{"line":10,"column":6}},"line":8},"1":{"name":"(anonymous_1)","decl":{"start":{"line":12,"column":17},"end":{"line":12,"column":18}},"loc":{"start":{"line":13,"column":4},"end":{"line":16,"column":6}},"line":13},"2":{"name":"(anonymous_2)","decl":{"start":{"line":18,"column":23},"end":{"line":18,"column":24}},"loc":{"start":{"line":19,"column":4},"end":{"line":22,"column":6}},"line":19}},"branchMap":{},"s":{"0":1,"1":1,"2":1,"3":1},"f":{"0":1,"1":1,"2":1},"b":{},"_coverageSchema":"332fd63041d2c1bcb487cc26dd0d5f7d97098a6c","hash":"03af3b9ef91cb227146aa291c648dfa4a339ea65"}
,"/Users/markdavella/dev/teletracker/frontend/App/Components/AlertMessage.tsx": {"path":"/Users/markdavella/dev/teletracker/frontend/App/Components/AlertMessage.tsx","statementMap":{"0":{"start":{"line":17,"column":27},"end":{"line":17,"column":31}},"1":{"start":{"line":18,"column":4},"end":{"line":29,"column":5}},"2":{"start":{"line":19,"column":24},"end":{"line":19,"column":34}},"3":{"start":{"line":20,"column":6},"end":{"line":28,"column":7}},"4":{"start":{"line":31,"column":4},"end":{"line":31,"column":27}},"5":{"start":{"line":7,"column":9},"end":{"line":7,"column":38}},"6":{"start":{"line":9,"column":9},"end":{"line":14,"column":3}}},"fnMap":{"0":{"name":"(anonymous_0)","decl":{"start":{"line":16,"column":2},"end":{"line":16,"column":7}},"loc":{"start":{"line":16,"column":8},"end":{"line":32,"column":3}}}},"branchMap":{"0":{"loc":{"start":{"line":18,"column":4},"end":{"line":29,"column":5}},"type":"if","locations":[{"start":{"line":18,"column":4},"end":{"line":29,"column":5}},{"start":{"line":18,"column":4},"end":{"line":29,"column":5}}]},"1":{"loc":{"start":{"line":25,"column":67},"end":{"line":25,"column":72}},"type":"binary-expr","locations":[{"start":{"line":25,"column":67},"end":{"line":25,"column":72}},{"start":{"line":25,"column":76},"end":{"line":25,"column":95}}]}},"s":{"0":6,"1":6,"2":4,"3":4,"4":2,"5":2,"6":2},"f":{"0":6},"b":{"0":[4,2],"1":[4,4]}}
,"/Users/markdavella/dev/teletracker/frontend/App/Components/DrawerButton.story.js": {"path":"/Users/markdavella/dev/teletracker/frontend/App/Components/DrawerButton.story.js","statementMap":{"0":{"start":{"line":7,"column":0},"end":{"line":15,"column":4}},"1":{"start":{"line":9,"column":4},"end":{"line":14,"column":11}}},"fnMap":{"0":{"name":"(anonymous_0)","decl":{"start":{"line":8,"column":18},"end":{"line":8,"column":19}},"loc":{"start":{"line":9,"column":4},"end":{"line":14,"column":11}},"line":9},"1":{"name":"(anonymous_1)","decl":{"start":{"line":12,"column":17},"end":{"line":12,"column":18}},"loc":{"start":{"line":12,"column":23},"end":{"line":12,"column":26}},"line":12}},"branchMap":{},"s":{"0":1,"1":1},"f":{"0":1,"1":0},"b":{},"_coverageSchema":"332fd63041d2c1bcb487cc26dd0d5f7d97098a6c","hash":"b0da163d1854b08566a2962a1ba4a459a699c9d0"}
,"/Users/markdavella/dev/teletracker/frontend/App/Components/DrawerButton.tsx": {"path":"/Users/markdavella/dev/teletracker/frontend/App/Components/DrawerButton.tsx","statementMap":{"0":{"start":{"line":27,"column":4},"end":{"line":31,"column":5}},"1":{"start":{"line":21,"column":9},"end":{"line":24,"column":3}}},"fnMap":{"0":{"name":"(anonymous_0)","decl":{"start":{"line":26,"column":2},"end":{"line":26,"column":7}},"loc":{"start":{"line":26,"column":8},"end":{"line":32,"column":3}}}},"branchMap":{},"s":{"0":3,"1":2},"f":{"0":3},"b":{}}
,"/Users/markdavella/dev/teletracker/frontend/App/Components/FullButton.story.js": {"path":"/Users/markdavella/dev/teletracker/frontend/App/Components/FullButton.story.js","statementMap":{"0":{"start":{"line":6,"column":0},"end":{"line":17,"column":4}},"1":{"start":{"line":8,"column":4},"end":{"line":10,"column":6}},"2":{"start":{"line":13,"column":4},"end":{"line":16,"column":6}}},"fnMap":{"0":{"name":"(anonymous_0)","decl":{"start":{"line":7,"column":18},"end":{"line":7,"column":19}},"loc":{"start":{"line":8,"column":4},"end":{"line":10,"column":6}},"line":8},"1":{"name":"(anonymous_1)","decl":{"start":{"line":12,"column":23},"end":{"line":12,"column":24}},"loc":{"start":{"line":13,"column":4},"end":{"line":16,"column":6}},"line":13}},"branchMap":{},"s":{"0":1,"1":1,"2":1},"f":{"0":1,"1":1},"b":{},"_coverageSchema":"332fd63041d2c1bcb487cc26dd0d5f7d97098a6c","hash":"d460ad2ecffb2a2c07c2d466ce206701e5cb9953"}
,"/Users/markdavella/dev/teletracker/frontend/App/Components/FullButton.tsx": {"path":"/Users/markdavella/dev/teletracker/frontend/App/Components/FullButton.tsx","statementMap":{"0":{"start":{"line":22,"column":4},"end":{"line":26,"column":5}}},"fnMap":{"0":{"name":"(anonymous_0)","decl":{"start":{"line":21,"column":2},"end":{"line":21,"column":7}},"loc":{"start":{"line":21,"column":8},"end":{"line":27,"column":3}}}},"branchMap":{"0":{"loc":{"start":{"line":24,"column":55},"end":{"line":24,"column":70}},"type":"binary-expr","locations":[{"start":{"line":24,"column":55},"end":{"line":24,"column":70}},{"start":{"line":24,"column":74},"end":{"line":24,"column":103}}]}},"s":{"0":4},"f":{"0":4},"b":{"0":[4,4]}}
,"/Users/markdavella/dev/teletracker/frontend/App/Components/RoundedButton.story.js": {"path":"/Users/markdavella/dev/teletracker/frontend/App/Components/RoundedButton.story.js","statementMap":{"0":{"start":{"line":6,"column":0},"end":{"line":16,"column":4}},"1":{"start":{"line":8,"column":4},"end":{"line":10,"column":6}},"2":{"start":{"line":13,"column":4},"end":{"line":15,"column":20}}},"fnMap":{"0":{"name":"(anonymous_0)","decl":{"start":{"line":7,"column":18},"end":{"line":7,"column":19}},"loc":{"start":{"line":8,"column":4},"end":{"line":10,"column":6}},"line":8},"1":{"name":"(anonymous_1)","decl":{"start":{"line":12,"column":27},"end":{"line":12,"column":28}},"loc":{"start":{"line":13,"column":4},"end":{"line":15,"column":20}},"line":13}},"branchMap":{},"s":{"0":1,"1":1,"2":1},"f":{"0":1,"1":1},"b":{},"_coverageSchema":"332fd63041d2c1bcb487cc26dd0d5f7d97098a6c","hash":"5e3f37c300bdfa2f6cb098b0ee3c2cc238b362a7"}
,"/Users/markdavella/dev/teletracker/frontend/App/Components/RoundedButton.tsx": {"path":"/Users/markdavella/dev/teletracker/frontend/App/Components/RoundedButton.tsx","statementMap":{"0":{"start":{"line":29,"column":23},"end":{"line":29,"column":67}},"1":{"start":{"line":30,"column":4},"end":{"line":30,"column":35}},"2":{"start":{"line":34,"column":4},"end":{"line":38,"column":5}},"3":{"start":{"line":21,"column":9},"end":{"line":26,"column":3}}},"fnMap":{"0":{"name":"(anonymous_0)","decl":{"start":{"line":28,"column":2},"end":{"line":28,"column":8}},"loc":{"start":{"line":28,"column":9},"end":{"line":31,"column":3}}},"1":{"name":"(anonymous_1)","decl":{"start":{"line":33,"column":2},"end":{"line":33,"column":7}},"loc":{"start":{"line":33,"column":8},"end":{"line":39,"column":3}}}},"branchMap":{"0":{"loc":{"start":{"line":29,"column":23},"end":{"line":29,"column":38}},"type":"binary-expr","locations":[{"start":{"line":29,"column":23},"end":{"line":29,"column":38}},{"start":{"line":29,"column":42},"end":{"line":29,"column":61}},{"start":{"line":29,"column":65},"end":{"line":29,"column":67}}]}},"s":{"0":5,"1":5,"2":5,"3":2},"f":{"0":5,"1":5},"b":{"0":[5,2,0]}}
,"/Users/markdavella/dev/teletracker/frontend/App/Components/Stories.js": {"path":"/Users/markdavella/dev/teletracker/frontend/App/Components/Stories.js","statementMap":{},"fnMap":{},"branchMap":{},"s":{},"f":{},"b":{},"_coverageSchema":"332fd63041d2c1bcb487cc26dd0d5f7d97098a6c","hash":"06ab66f1e8f31efcfb01faccbf308c99ed263004"}
,"/Users/markdavella/dev/teletracker/frontend/App/Components/Styles/AlertMessageStyles.js": {"path":"/Users/markdavella/dev/teletracker/frontend/App/Components/Styles/AlertMessageStyles.js","statementMap":{},"fnMap":{},"branchMap":{},"s":{},"f":{},"b":{},"_coverageSchema":"332fd63041d2c1bcb487cc26dd0d5f7d97098a6c","hash":"867262f33c064146019068885fa7739c3c18c167"}
,"/Users/markdavella/dev/teletracker/frontend/App/Components/Styles/DrawerButtonStyles.js": {"path":"/Users/markdavella/dev/teletracker/frontend/App/Components/Styles/DrawerButtonStyles.js","statementMap":{},"fnMap":{},"branchMap":{},"s":{},"f":{},"b":{},"_coverageSchema":"332fd63041d2c1bcb487cc26dd0d5f7d97098a6c","hash":"70758f41f655d1e76f19c8e3ddc159846e6932ec"}
,"/Users/markdavella/dev/teletracker/frontend/App/Components/Styles/FullButtonStyles.ts": {"path":"/Users/markdavella/dev/teletracker/frontend/App/Components/Styles/FullButtonStyles.ts","statementMap":{"0":{"start":{"line":9,"column":36},"end":{"line":25,"column":2}}},"fnMap":{},"branchMap":{},"s":{"0":2},"f":{},"b":{}}
,"/Users/markdavella/dev/teletracker/frontend/App/Components/Styles/RoundedButtonStyles.js": {"path":"/Users/markdavella/dev/teletracker/frontend/App/Components/Styles/RoundedButtonStyles.js","statementMap":{},"fnMap":{},"branchMap":{},"s":{},"f":{},"b":{},"_coverageSchema":"332fd63041d2c1bcb487cc26dd0d5f7d97098a6c","hash":"0e692301c50532e076664694075ba2c339ac9451"}
,"/Users/markdavella/dev/teletracker/frontend/App/Config/DebugConfig.js": {"path":"/Users/markdavella/dev/teletracker/frontend/App/Config/DebugConfig.js","statementMap":{},"fnMap":{},"branchMap":{},"s":{},"f":{},"b":{},"_coverageSchema":"332fd63041d2c1bcb487cc26dd0d5f7d97098a6c","hash":"51a5e0bc9e8c84ea225929ae00ee3a21ba916367"}
,"/Users/markdavella/dev/teletracker/frontend/App/Redux/GithubRedux.js": {"path":"/Users/markdavella/dev/teletracker/frontend/App/Redux/GithubRedux.js","statementMap":{"0":{"start":{"line":6,"column":28},"end":{"line":10,"column":2}},"1":{"start":{"line":12,"column":27},"end":{"line":12,"column":32}},"2":{"start":{"line":17,"column":29},"end":{"line":22,"column":2}},"3":{"start":{"line":26,"column":31},"end":{"line":28,"column":1}},"4":{"start":{"line":27,"column":25},"end":{"line":27,"column":44}},"5":{"start":{"line":33,"column":23},"end":{"line":34,"column":57}},"6":{"start":{"line":34,"column":2},"end":{"line":34,"column":57}},"7":{"start":{"line":37,"column":23},"end":{"line":40,"column":1}},"8":{"start":{"line":38,"column":21},"end":{"line":38,"column":27}},"9":{"start":{"line":39,"column":2},"end":{"line":39,"column":62}},"10":{"start":{"line":43,"column":23},"end":{"line":44,"column":61}},"11":{"start":{"line":44,"column":2},"end":{"line":44,"column":61}},"12":{"start":{"line":48,"column":23},"end":{"line":52,"column":2}}},"fnMap":{"0":{"name":"(anonymous_0)","decl":{"start":{"line":27,"column":16},"end":{"line":27,"column":17}},"loc":{"start":{"line":27,"column":25},"end":{"line":27,"column":44}},"line":27},"1":{"name":"(anonymous_1)","decl":{"start":{"line":33,"column":23},"end":{"line":33,"column":24}},"loc":{"start":{"line":34,"column":2},"end":{"line":34,"column":57}},"line":34},"2":{"name":"(anonymous_2)","decl":{"start":{"line":37,"column":23},"end":{"line":37,"column":24}},"loc":{"start":{"line":37,"column":42},"end":{"line":40,"column":1}},"line":37},"3":{"name":"(anonymous_3)","decl":{"start":{"line":43,"column":23},"end":{"line":43,"column":24}},"loc":{"start":{"line":44,"column":2},"end":{"line":44,"column":61}},"line":44}},"branchMap":{},"s":{"0":3,"1":3,"2":3,"3":3,"4":0,"5":3,"6":1,"7":3,"8":1,"9":1,"10":3,"11":1,"12":3},"f":{"0":0,"1":1,"2":1,"3":1},"b":{},"_coverageSchema":"332fd63041d2c1bcb487cc26dd0d5f7d97098a6c","hash":"2c77806442b9717588250a1aa927fb2bfd702439"}
,"/Users/markdavella/dev/teletracker/frontend/App/Sagas/GithubSagas.ts": {"path":"/Users/markdavella/dev/teletracker/frontend/App/Sagas/GithubSagas.ts","statementMap":{"0":{"start":{"line":6,"column":23},"end":{"line":6,"column":29}},"1":{"start":{"line":8,"column":19},"end":{"line":8,"column":52}},"2":{"start":{"line":10,"column":2},"end":{"line":17,"column":3}},"3":{"start":{"line":11,"column":22},"end":{"line":11,"column":58}},"4":{"start":{"line":12,"column":19},"end":{"line":12,"column":39}},"5":{"start":{"line":14,"column":4},"end":{"line":14,"column":48}},"6":{"start":{"line":16,"column":4},"end":{"line":16,"column":42}}},"fnMap":{"0":{"name":"getUserAvatar","decl":{"start":{"line":5,"column":17},"end":{"line":5,"column":32}},"loc":{"start":{"line":5,"column":44},"end":{"line":18,"column":1}}}},"branchMap":{"0":{"loc":{"start":{"line":10,"column":2},"end":{"line":17,"column":3}},"type":"if","locations":[{"start":{"line":10,"column":2},"end":{"line":17,"column":3}},{"start":{"line":10,"column":2},"end":{"line":17,"column":3}}]}},"s":{"0":3,"1":3,"2":2,"3":1,"4":1,"5":1,"6":1},"f":{"0":3},"b":{"0":[1,1]}}
,"/Users/markdavella/dev/teletracker/frontend/App/Sagas/StartupSagas.js": {"path":"/Users/markdavella/dev/teletracker/frontend/App/Sagas/StartupSagas.js","statementMap":{"0":{"start":{"line":6,"column":28},"end":{"line":6,"column":56}},"1":{"start":{"line":10,"column":2},"end":{"line":34,"column":3}},"2":{"start":{"line":12,"column":4},"end":{"line":12,"column":76}},"3":{"start":{"line":15,"column":4},"end":{"line":18,"column":6}},"4":{"start":{"line":21,"column":22},"end":{"line":21,"column":53}},"5":{"start":{"line":22,"column":4},"end":{"line":22,"column":44}},"6":{"start":{"line":23,"column":4},"end":{"line":33,"column":6}},"7":{"start":{"line":29,"column":34},"end":{"line":29,"column":38}},"8":{"start":{"line":35,"column":17},"end":{"line":35,"column":43}},"9":{"start":{"line":37,"column":2},"end":{"line":39,"column":3}},"10":{"start":{"line":38,"column":4},"end":{"line":38,"column":51}}},"fnMap":{"0":{"name":"startup","decl":{"start":{"line":9,"column":18},"end":{"line":9,"column":25}},"loc":{"start":{"line":9,"column":35},"end":{"line":40,"column":1}},"line":9},"1":{"name":"(anonymous_1)","decl":{"start":{"line":29,"column":28},"end":{"line":29,"column":29}},"loc":{"start":{"line":29,"column":34},"end":{"line":29,"column":38}},"line":29}},"branchMap":{"0":{"loc":{"start":{"line":10,"column":2},"end":{"line":34,"column":3}},"type":"if","locations":[{"start":{"line":10,"column":2},"end":{"line":34,"column":3}},{"start":{"line":10,"column":2},"end":{"line":34,"column":3}}],"line":10},"1":{"loc":{"start":{"line":10,"column":6},"end":{"line":10,"column":29}},"type":"binary-expr","locations":[{"start":{"line":10,"column":6},"end":{"line":10,"column":13}},{"start":{"line":10,"column":17},"end":{"line":10,"column":29}}],"line":10},"2":{"loc":{"start":{"line":37,"column":2},"end":{"line":39,"column":3}},"type":"if","locations":[{"start":{"line":37,"column":2},"end":{"line":39,"column":3}},{"start":{"line":37,"column":2},"end":{"line":39,"column":3}}],"line":37}},"s":{"0":1,"1":1,"2":0,"3":0,"4":0,"5":0,"6":0,"7":0,"8":1,"9":1,"10":1},"f":{"0":1,"1":0},"b":{"0":[0,1],"1":[1,1],"2":[1,0]},"_coverageSchema":"332fd63041d2c1bcb487cc26dd0d5f7d97098a6c","hash":"0b60a71b7e55fffc4a3fc13f2cd87a2d9d747a0e"}
,"/Users/markdavella/dev/teletracker/frontend/App/Services/Api.js": {"path":"/Users/markdavella/dev/teletracker/frontend/App/Services/Api.js","statementMap":{"0":{"start":{"line":5,"column":15},"end":{"line":59,"column":1}},"1":{"start":{"line":12,"column":14},"end":{"line":21,"column":4}},"2":{"start":{"line":37,"column":18},"end":{"line":37,"column":35}},"3":{"start":{"line":37,"column":24},"end":{"line":37,"column":35}},"4":{"start":{"line":38,"column":18},"end":{"line":38,"column":45}},"5":{"start":{"line":38,"column":24},"end":{"line":38,"column":45}},"6":{"start":{"line":39,"column":18},"end":{"line":39,"column":70}},"7":{"start":{"line":39,"column":32},"end":{"line":39,"column":70}},"8":{"start":{"line":53,"column":2},"end":{"line":58,"column":3}}},"fnMap":{"0":{"name":"(anonymous_0)","decl":{"start":{"line":5,"column":15},"end":{"line":5,"column":16}},"loc":{"start":{"line":5,"column":56},"end":{"line":59,"column":1}},"line":5},"1":{"name":"(anonymous_1)","decl":{"start":{"line":37,"column":18},"end":{"line":37,"column":19}},"loc":{"start":{"line":37,"column":24},"end":{"line":37,"column":35}},"line":37},"2":{"name":"(anonymous_2)","decl":{"start":{"line":38,"column":18},"end":{"line":38,"column":19}},"loc":{"start":{"line":38,"column":24},"end":{"line":38,"column":45}},"line":38},"3":{"name":"(anonymous_3)","decl":{"start":{"line":39,"column":18},"end":{"line":39,"column":19}},"loc":{"start":{"line":39,"column":32},"end":{"line":39,"column":70}},"line":39}},"branchMap":{"0":{"loc":{"start":{"line":5,"column":16},"end":{"line":5,"column":51}},"type":"default-arg","locations":[{"start":{"line":5,"column":26},"end":{"line":5,"column":51}}],"line":5}},"s":{"0":1,"1":1,"2":1,"3":0,"4":1,"5":0,"6":1,"7":0,"8":1},"f":{"0":1,"1":0,"2":0,"3":0},"b":{"0":[1]},"_coverageSchema":"332fd63041d2c1bcb487cc26dd0d5f7d97098a6c","hash":"3093ef1c5d207675dc0da408bcdc20750deeacdf"}
,"/Users/markdavella/dev/teletracker/frontend/App/Services/ExamplesRegistry.js": {"path":"/Users/markdavella/dev/teletracker/frontend/App/Services/ExamplesRegistry.js","statementMap":{"0":{"start":{"line":6,"column":38},"end":{"line":6,"column":40}},"1":{"start":{"line":7,"column":35},"end":{"line":7,"column":37}},"2":{"start":{"line":9,"column":35},"end":{"line":9,"column":153}},"3":{"start":{"line":9,"column":66},"end":{"line":9,"column":151}},"4":{"start":{"line":9,"column":99},"end":{"line":9,"column":151}},"5":{"start":{"line":11,"column":32},"end":{"line":11,"column":147}},"6":{"start":{"line":11,"column":63},"end":{"line":11,"column":145}},"7":{"start":{"line":11,"column":96},"end":{"line":11,"column":145}},"8":{"start":{"line":13,"column":31},"end":{"line":22,"column":1}},"9":{"start":{"line":14,"column":2},"end":{"line":21,"column":3}},"10":{"start":{"line":24,"column":28},"end":{"line":33,"column":1}},"11":{"start":{"line":25,"column":2},"end":{"line":32,"column":3}},"12":{"start":{"line":35,"column":39},"end":{"line":35,"column":107}},"13":{"start":{"line":35,"column":45},"end":{"line":35,"column":107}},"14":{"start":{"line":37,"column":36},"end":{"line":37,"column":98}},"15":{"start":{"line":37,"column":42},"end":{"line":37,"column":98}}},"fnMap":{"0":{"name":"(anonymous_0)","decl":{"start":{"line":9,"column":35},"end":{"line":9,"column":36}},"loc":{"start":{"line":9,"column":64},"end":{"line":9,"column":153}},"line":9},"1":{"name":"(anonymous_1)","decl":{"start":{"line":9,"column":51},"end":{"line":9,"column":52}},"loc":{"start":{"line":9,"column":57},"end":{"line":9,"column":59}},"line":9},"2":{"name":"(anonymous_2)","decl":{"start":{"line":11,"column":32},"end":{"line":11,"column":33}},"loc":{"start":{"line":11,"column":61},"end":{"line":11,"column":147}},"line":11},"3":{"name":"(anonymous_3)","decl":{"start":{"line":11,"column":48},"end":{"line":11,"column":49}},"loc":{"start":{"line":11,"column":54},"end":{"line":11,"column":56}},"line":11},"4":{"name":"(anonymous_4)","decl":{"start":{"line":13,"column":31},"end":{"line":13,"column":32}},"loc":{"start":{"line":13,"column":44},"end":{"line":22,"column":1}},"line":13},"5":{"name":"(anonymous_5)","decl":{"start":{"line":24,"column":28},"end":{"line":24,"column":29}},"loc":{"start":{"line":24,"column":41},"end":{"line":33,"column":1}},"line":24},"6":{"name":"(anonymous_6)","decl":{"start":{"line":35,"column":39},"end":{"line":35,"column":40}},"loc":{"start":{"line":35,"column":45},"end":{"line":35,"column":107}},"line":35},"7":{"name":"(anonymous_7)","decl":{"start":{"line":37,"column":36},"end":{"line":37,"column":37}},"loc":{"start":{"line":37,"column":42},"end":{"line":37,"column":98}},"line":37}},"branchMap":{"0":{"loc":{"start":{"line":9,"column":43},"end":{"line":9,"column":59}},"type":"default-arg","locations":[{"start":{"line":9,"column":51},"end":{"line":9,"column":59}}],"line":9},"1":{"loc":{"start":{"line":9,"column":66},"end":{"line":9,"column":151}},"type":"if","locations":[{"start":{"line":9,"column":66},"end":{"line":9,"column":151}},{"start":{"line":9,"column":66},"end":{"line":9,"column":151}}],"line":9},"2":{"loc":{"start":{"line":11,"column":40},"end":{"line":11,"column":56}},"type":"default-arg","locations":[{"start":{"line":11,"column":48},"end":{"line":11,"column":56}}],"line":11},"3":{"loc":{"start":{"line":11,"column":63},"end":{"line":11,"column":145}},"type":"if","locations":[{"start":{"line":11,"column":63},"end":{"line":11,"column":145}},{"start":{"line":11,"column":63},"end":{"line":11,"column":145}}],"line":11}},"s":{"0":3,"1":3,"2":3,"3":4,"4":4,"5":3,"6":0,"7":0,"8":3,"9":0,"10":3,"11":0,"12":3,"13":0,"14":3,"15":0},"f":{"0":4,"1":0,"2":0,"3":0,"4":0,"5":0,"6":0,"7":0},"b":{"0":[0],"1":[4,0],"2":[0],"3":[0,0]},"_coverageSchema":"332fd63041d2c1bcb487cc26dd0d5f7d97098a6c","hash":"fbacaed55fa0e1984c3a81f81f9a55b21101df47"}
,"/Users/markdavella/dev/teletracker/frontend/App/Services/FixtureApi.js": {"path":"/Users/markdavella/dev/teletracker/frontend/App/Services/FixtureApi.js","statementMap":{"0":{"start":{"line":4,"column":4},"end":{"line":7,"column":5}},"1":{"start":{"line":10,"column":4},"end":{"line":13,"column":5}},"2":{"start":{"line":17,"column":24},"end":{"line":17,"column":59}},"3":{"start":{"line":18,"column":25},"end":{"line":18,"column":61}},"4":{"start":{"line":19,"column":4},"end":{"line":22,"column":5}}},"fnMap":{"0":{"name":"(anonymous_0)","decl":{"start":{"line":3,"column":11},"end":{"line":3,"column":12}},"loc":{"start":{"line":3,"column":17},"end":{"line":8,"column":3}},"line":3},"1":{"name":"(anonymous_1)","decl":{"start":{"line":9,"column":11},"end":{"line":9,"column":12}},"loc":{"start":{"line":9,"column":17},"end":{"line":14,"column":3}},"line":9},"2":{"name":"(anonymous_2)","decl":{"start":{"line":15,"column":11},"end":{"line":15,"column":12}},"loc":{"start":{"line":15,"column":25},"end":{"line":23,"column":3}},"line":15}},"branchMap":{"0":{"loc":{"start":{"line":21,"column":12},"end":{"line":21,"column":77}},"type":"cond-expr","locations":[{"start":{"line":21,"column":51},"end":{"line":21,"column":62}},{"start":{"line":21,"column":65},"end":{"line":21,"column":77}}],"line":21}},"s":{"0":0,"1":1,"2":3,"3":3,"4":3},"f":{"0":0,"1":1,"2":3},"b":{"0":[1,2]},"_coverageSchema":"332fd63041d2c1bcb487cc26dd0d5f7d97098a6c","hash":"55acdded0fd31d030c40cace84872e27732b138f"}
,"/Users/markdavella/dev/teletracker/frontend/App/Themes/ApplicationStyles.js": {"path":"/Users/markdavella/dev/teletracker/frontend/App/Themes/ApplicationStyles.js","statementMap":{"0":{"start":{"line":8,"column":26},"end":{"line":79,"column":1}}},"fnMap":{},"branchMap":{},"s":{"0":5},"f":{},"b":{},"_coverageSchema":"332fd63041d2c1bcb487cc26dd0d5f7d97098a6c","hash":"0a3eaf0f21bbe4a5199f0d98a23d7675516a6077"}
,"/Users/markdavella/dev/teletracker/frontend/App/Themes/Colors.js": {"path":"/Users/markdavella/dev/teletracker/frontend/App/Themes/Colors.js","statementMap":{"0":{"start":{"line":1,"column":15},"end":{"line":25,"column":1}}},"fnMap":{},"branchMap":{},"s":{"0":5},"f":{},"b":{},"_coverageSchema":"332fd63041d2c1bcb487cc26dd0d5f7d97098a6c","hash":"7ed1bd370d897fa9533bf6bd0b7d6d75478d82fa"}
,"/Users/markdavella/dev/teletracker/frontend/App/Themes/Fonts.js": {"path":"/Users/markdavella/dev/teletracker/frontend/App/Themes/Fonts.js","statementMap":{"0":{"start":{"line":1,"column":13},"end":{"line":5,"column":1}},"1":{"start":{"line":7,"column":13},"end":{"line":19,"column":1}},"2":{"start":{"line":21,"column":14},"end":{"line":54,"column":1}}},"fnMap":{},"branchMap":{},"s":{"0":5,"1":5,"2":5},"f":{},"b":{},"_coverageSchema":"332fd63041d2c1bcb487cc26dd0d5f7d97098a6c","hash":"c1faaa4eee20a545984c70112cde984e29a43140"}
,"/Users/markdavella/dev/teletracker/frontend/App/Themes/Images.js": {"path":"/Users/markdavella/dev/teletracker/frontend/App/Themes/Images.js","statementMap":{"0":{"start":{"line":2,"column":15},"end":{"line":23,"column":1}}},"fnMap":{},"branchMap":{},"s":{"0":5},"f":{},"b":{},"_coverageSchema":"332fd63041d2c1bcb487cc26dd0d5f7d97098a6c","hash":"7f7c5ee9863aa767199d13f915558423c8c8bcf4"}
,"/Users/markdavella/dev/teletracker/frontend/App/Themes/Metrics.js": {"path":"/Users/markdavella/dev/teletracker/frontend/App/Themes/Metrics.js","statementMap":{"0":{"start":{"line":3,"column":26},"end":{"line":3,"column":50}},"1":{"start":{"line":6,"column":16},"end":{"line":32,"column":1}}},"fnMap":{},"branchMap":{"0":{"loc":{"start":{"line":15,"column":15},"end":{"line":15,"column":46}},"type":"cond-expr","locations":[{"start":{"line":15,"column":32},"end":{"line":15,"column":37}},{"start":{"line":15,"column":40},"end":{"line":15,"column":46}}],"line":15},"1":{"loc":{"start":{"line":16,"column":16},"end":{"line":16,"column":47}},"type":"cond-expr","locations":[{"start":{"line":16,"column":33},"end":{"line":16,"column":39}},{"start":{"line":16,"column":42},"end":{"line":16,"column":47}}],"line":16},"2":{"loc":{"start":{"line":17,"column":16},"end":{"line":17,"column":49}},"type":"cond-expr","locations":[{"start":{"line":17,"column":42},"end":{"line":17,"column":44}},{"start":{"line":17,"column":47},"end":{"line":17,"column":49}}],"line":17}},"s":{"0":5,"1":5},"f":{},"b":{"0":[5,0],"1":[5,0],"2":[5,0]},"_coverageSchema":"332fd63041d2c1bcb487cc26dd0d5f7d97098a6c","hash":"e9afde612bdd0ac3ed6dbeffb004b6c72ad988b7"}
,"/Users/markdavella/dev/teletracker/frontend/App/Themes/index.js": {"path":"/Users/markdavella/dev/teletracker/frontend/App/Themes/index.js","statementMap":{},"fnMap":{},"branchMap":{},"s":{},"f":{},"b":{},"_coverageSchema":"332fd63041d2c1bcb487cc26dd0d5f7d97098a6c","hash":"cda40a33142265b825448ca0151ef781e2c2afa9"}
,"/Users/markdavella/dev/teletracker/frontend/Tests/Setup.js": {"path":"/Users/markdavella/dev/teletracker/frontend/Tests/Setup.js","statementMap":{"0":{"start":{"line":4,"column":0},"end":{"line":4,"column":37}},"1":{"start":{"line":7,"column":0},"end":{"line":26,"column":2}},"2":{"start":{"line":9,"column":18},"end":{"line":9,"column":63}},"3":{"start":{"line":10,"column":15},"end":{"line":10,"column":31}},"4":{"start":{"line":11,"column":18},"end":{"line":11,"column":34}},"5":{"start":{"line":12,"column":18},"end":{"line":12,"column":34}},"6":{"start":{"line":14,"column":2},"end":{"line":25,"column":3}},"7":{"start":{"line":16,"column":18},"end":{"line":16,"column":30}},"8":{"start":{"line":17,"column":6},"end":{"line":17,"column":28}},"9":{"start":{"line":17,"column":18},"end":{"line":17,"column":28}},"10":{"start":{"line":18,"column":6},"end":{"line":18,"column":37}},"11":{"start":{"line":18,"column":25},"end":{"line":18,"column":37}},"12":{"start":{"line":20,"column":6},"end":{"line":22,"column":28}},"13":{"start":{"line":21,"column":8},"end":{"line":21,"column":59}},"14":{"start":{"line":23,"column":6},"end":{"line":23,"column":18}}},"fnMap":{"0":{"name":"(anonymous_0)","decl":{"start":{"line":8,"column":27},"end":{"line":8,"column":28}},"loc":{"start":{"line":8,"column":33},"end":{"line":26,"column":1}},"line":8},"1":{"name":"(anonymous_1)","decl":{"start":{"line":15,"column":7},"end":{"line":15,"column":8}},"loc":{"start":{"line":15,"column":30},"end":{"line":24,"column":5}},"line":15},"2":{"name":"(anonymous_2)","decl":{"start":{"line":20,"column":14},"end":{"line":20,"column":15}},"loc":{"start":{"line":20,"column":21},"end":{"line":22,"column":7}},"line":20}},"branchMap":{"0":{"loc":{"start":{"line":17,"column":6},"end":{"line":17,"column":28}},"type":"if","locations":[{"start":{"line":17,"column":6},"end":{"line":17,"column":28}},{"start":{"line":17,"column":6},"end":{"line":17,"column":28}}],"line":17},"1":{"loc":{"start":{"line":18,"column":6},"end":{"line":18,"column":37}},"type":"if","locations":[{"start":{"line":18,"column":6},"end":{"line":18,"column":37}},{"start":{"line":18,"column":6},"end":{"line":18,"column":37}}],"line":18}},"s":{"0":10,"1":10,"2":0,"3":0,"4":0,"5":0,"6":0,"7":0,"8":0,"9":0,"10":0,"11":0,"12":0,"13":0,"14":0},"f":{"0":0,"1":0,"2":0},"b":{"0":[0,0],"1":[0,0]},"_coverageSchema":"332fd63041d2c1bcb487cc26dd0d5f7d97098a6c","hash":"af9fb018e93b711abd75fdc9003f08fe7f01ad9d"}
,"/Users/markdavella/dev/teletracker/frontend/storybook/index.js": {"path":"/Users/markdavella/dev/teletracker/frontend/storybook/index.js","statementMap":{},"fnMap":{},"branchMap":{},"s":{},"f":{},"b":{},"_coverageSchema":"332fd63041d2c1bcb487cc26dd0d5f7d97098a6c","hash":"8c8b7cfcd1971cdecaeb35b3d326a44fce825bd5"}
,"/Users/markdavella/dev/teletracker/frontend/storybook/storybook.js": {"path":"/Users/markdavella/dev/teletracker/frontend/storybook/storybook.js","statementMap":{"0":{"start":{"line":5,"column":0},"end":{"line":7,"column":10}},"1":{"start":{"line":6,"column":2},"end":{"line":6,"column":38}},"2":{"start":{"line":11,"column":20},"end":{"line":11,"column":68}},"3":{"start":{"line":12,"column":0},"end":{"line":12,"column":63}},"4":{"start":{"line":12,"column":51},"end":{"line":12,"column":62}}},"fnMap":{"0":{"name":"(anonymous_0)","decl":{"start":{"line":5,"column":10},"end":{"line":5,"column":11}},"loc":{"start":{"line":5,"column":16},"end":{"line":7,"column":1}},"line":5},"1":{"name":"(anonymous_1)","decl":{"start":{"line":12,"column":45},"end":{"line":12,"column":46}},"loc":{"start":{"line":12,"column":51},"end":{"line":12,"column":62}},"line":12}},"branchMap":{},"s":{"0":1,"1":1,"2":1,"3":1,"4":0},"f":{"0":1,"1":0},"b":{},"_coverageSchema":"332fd63041d2c1bcb487cc26dd0d5f7d97098a6c","hash":"b5214d47fe6d31eca5525244badf79cf5d7492a4"}
}
